2024-12-20 08:05:04.100: [INFO][Sync] Reset engine, reason: 8
2024-12-20 08:05:04.100: [INFO][Sync] Stopped: Bookmarks
2024-12-20 08:05:04.100: [INFO][Sync] Stopped: Preferences
2024-12-20 08:05:04.100: [INFO][Sync] Stopped: Passwords
2024-12-20 08:05:04.100: [INFO][Sync] Stopped: Autofill Profiles
2024-12-20 08:05:04.100: [INFO][Sync] Stopped: Autofill
2024-12-20 08:05:04.100: [INFO][Sync] Stopped: Typed URLs
2024-12-20 08:05:04.100: [INFO][Sync] Stopped: Extensions
2024-12-20 08:05:04.100: [INFO][Sync] Stopped: Sessions
2024-12-20 08:05:04.100: [INFO][Sync] Stopped: Extension settings
2024-12-20 08:05:04.100: [INFO][Sync] Stopped: History Delete Directives
2024-12-20 08:05:04.100: [INFO][Sync] Stopped: Device Info
2024-12-20 08:05:04.100: [INFO][Sync] Stopped: User Consents
2024-12-20 08:05:04.100: [INFO][Sync] Stopped: Send Tab To Self
2024-12-20 08:05:04.100: [INFO][Sync] Stopped: Web Apps
2024-12-20 08:05:04.101: [INFO][Sync] Stopped: History
2024-12-20 08:05:04.101: [INFO][Sync] Stopped: Collection
2024-12-20 08:05:04.101: [INFO][Sync] Stopped: Edge E Drop
2024-12-20 08:05:04.101: [INFO][Sync] Stopped: Edge Hub App Usage
2024-12-20 08:05:04.101: [INFO][Sync] Stopped: Edge Tab Group
2024-12-20 08:05:04.101: [INFO][Sync] Stopped: Edge Wallet
2024-12-20 08:05:04.101: [INFO][Sync] SyncState after authenticated was: NotSignedIn
2024-12-20 08:05:04.573: [INFO][Sync] Reset engine, reason: 8
2024-12-20 08:05:04.573: [INFO][Sync] Stopped: Bookmarks
2024-12-20 08:05:04.573: [INFO][Sync] Stopped: Preferences
2024-12-20 08:05:04.573: [INFO][Sync] Stopped: Passwords
2024-12-20 08:05:04.573: [INFO][Sync] Stopped: Autofill Profiles
2024-12-20 08:05:04.573: [INFO][Sync] Stopped: Autofill
2024-12-20 08:05:04.573: [INFO][Sync] Stopped: Typed URLs
2024-12-20 08:05:04.573: [INFO][Sync] Stopped: Extensions
2024-12-20 08:05:04.574: [INFO][Sync] Stopped: Sessions
2024-12-20 08:05:04.574: [INFO][Sync] Stopped: Extension settings
2024-12-20 08:05:04.574: [INFO][Sync] Stopped: History Delete Directives
2024-12-20 08:05:04.574: [INFO][Sync] Stopped: Device Info
2024-12-20 08:05:04.574: [INFO][Sync] Stopped: User Consents
2024-12-20 08:05:04.574: [INFO][Sync] Stopped: Send Tab To Self
2024-12-20 08:05:04.574: [INFO][Sync] Stopped: Web Apps
2024-12-20 08:05:04.574: [INFO][Sync] Stopped: History
2024-12-20 08:05:04.574: [INFO][Sync] Stopped: Collection
2024-12-20 08:05:04.574: [INFO][Sync] Stopped: Edge E Drop
2024-12-20 08:05:04.574: [INFO][Sync] Stopped: Edge Hub App Usage
2024-12-20 08:05:04.574: [INFO][Sync] Stopped: Edge Tab Group
2024-12-20 08:05:04.574: [INFO][Sync] Stopped: Edge Wallet
2024-12-20 08:05:56.650: [INFO][Sync] Reset engine, reason: 0
2024-12-20 08:07:36.187: [INFO][Sync] SyncState after authenticated was: FeatureNotSetup
2024-12-20 08:13:50.065: [INFO][Sync] Reset engine, reason: 0
